[debug] [2024-01-23T09:44:04.805Z] ----------------------------------------------------------------------
[debug] [2024-01-23T09:44:04.809Z] Command:       C:\Program Files\nodejs\node.exe C:\Users\LENOVO\AppData\Roaming\npm\node_modules\firebase-tools\lib\bin\firebase.js init
[debug] [2024-01-23T09:44:04.810Z] CLI Version:   13.0.3
[debug] [2024-01-23T09:44:04.811Z] Platform:      win32
[debug] [2024-01-23T09:44:04.811Z] Node Version:  v18.17.1
[debug] [2024-01-23T09:44:04.813Z] Time:          Tue Jan 23 2024 15:14:04 GMT+0530 (India Standard Time)
[debug] [2024-01-23T09:44:04.813Z] ----------------------------------------------------------------------
[debug] 
[debug] [2024-01-23T09:44:04.960Z] > command requires scopes: ["email","openid","https://www.googleapis.com/auth/cloudplatformprojects.readonly","https://www.googleapis.com/auth/firebase","https://www.googleapis.com/auth/cloud-platform"]
[debug] [2024-01-23T09:44:04.962Z] > authorizing via signed-in user (gautamdhiman60@gmail.com)
[info] 
     ######## #### ########  ######## ########     ###     ######  ########
     ##        ##  ##     ## ##       ##     ##  ##   ##  ##       ##
     ######    ##  ########  ######   ########  #########  ######  ######
     ##        ##  ##    ##  ##       ##     ## ##     ##       ## ##
     ##       #### ##     ## ######## ########  ##     ##  ######  ########

You're about to initialize a Firebase project in this directory:

  C:\ReactUdemy\netflix

Before we get started, keep in mind:

  * You are currently outside your home directory
  * You are initializing within an existing Firebase project directory

